<?xml version="1.0" encoding="UTF-8"?>
<!-- Generated by org.testng.reporters.JUnitXMLReporter -->
<testsuite ignored="0" hostname="DESKTOP-4N07MK4" failures="1" tests="3" name="ChromeTest" time="105.614" errors="0" timestamp="2022-07-27T13:32:17 IST">
  <testcase classname="com.mystore.testCases.LoginPageTest" name="loginTest" time="0.578"/>
  <testcase classname="com.mystore.testCases.LoginPageTest" name="signIn" time="72.358"/>
  <testcase classname="com.mystore.testCases.LoginPageTest" name="currentURLChecking" time="0.087">
    <failure type="java.lang.AssertionError" message="expected [Welcome to your account. Here you can manage all of your personal information] but found [Welcome to your account. Here you can manage all of your personal information and orders.]">
      <![CDATA[java.lang.AssertionError: expected [Welcome to your account. Here you can manage all of your personal information] but found [Welcome to your account. Here you can manage all of your personal information and orders.]
at com.mystore.testCases.LoginPageTest.currentURLChecking(LoginPageTest.java:81)
at java.base/java.util.ArrayList.forEach(ArrayList.java:1541)
at java.base/java.util.concurrent.FutureTask.run(FutureTask.java:264)
at java.base/java.util.concurrent.ThreadPoolExecutor.runWorker(ThreadPoolExecutor.java:1128)
at java.base/java.util.concurrent.ThreadPoolExecutor$Worker.run(ThreadPoolExecutor.java:628)
at java.base/java.lang.Thread.run(Thread.java:834)
... Removed 24 stack frames]]>
    </failure>
  </testcase> <!-- currentURLChecking -->
</testsuite> <!-- ChromeTest -->
